0 verbose cli C:\Program Files\nodejs\node.exe C:\Users\my pc\AppData\Roaming\npm\node_modules\npm\bin\npm-cli.js
1 info using npm@8.12.1
2 info using node@v16.13.1
3 timing npm:load:whichnode Completed in 1ms
4 timing config:load:defaults Completed in 3ms
5 timing config:load:file:C:\Users\my pc\AppData\Roaming\npm\node_modules\npm\npmrc Completed in 6ms
6 timing config:load:builtin Completed in 7ms
7 timing config:load:cli Completed in 9ms
8 timing config:load:env Completed in 1ms
9 timing config:load:file:C:\Users\my pc\AppData\Local\Microsoft\TypeScript\4.7\.npmrc Completed in 1ms
10 timing config:load:project Completed in 251ms
11 timing config:load:file:C:\Users\my pc\.npmrc Completed in 2ms
12 timing config:load:user Completed in 3ms
13 timing config:load:file:C:\Users\my pc\AppData\Roaming\npm\etc\npmrc Completed in 1ms
14 timing config:load:global Completed in 1ms
15 timing config:load:validate Completed in 1ms
16 timing config:load:credentials Completed in 3ms
17 timing config:load:setEnvs Completed in 4ms
18 timing config:load Completed in 283ms
19 timing npm:load:configload Completed in 284ms
20 timing npm:load:mkdirpcache Completed in 76ms
21 timing npm:load:mkdirplogs Completed in 1ms
22 verbose title npm install @types/testing-library__jest-dom@ts4.7 @types/react@ts4.7 @types/react-dom@ts4.7
23 verbose argv "install" "--ignore-scripts" "@types/testing-library__jest-dom@ts4.7" "@types/react@ts4.7" "@types/react-dom@ts4.7" "--save-dev" "--user-agent" "typesInstaller/4.7.3"
24 timing npm:load:setTitle Completed in 6ms
25 timing config:load:flatten Completed in 12ms
26 timing npm:load:display Completed in 14ms
27 verbose logfile logs-max:10 dir:C:\Users\my pc\Desktop\react-dashboard\_logs
28 verbose logfile C:\Users\my pc\Desktop\react-dashboard\_logs\2022-09-09T11_27_32_168Z-debug-0.log
29 timing npm:load:logFile Completed in 22ms
30 timing npm:load:timers Completed in 0ms
31 timing npm:load:configScope Completed in 0ms
32 timing npm:load Completed in 406ms
33 timing arborist:ctor Completed in 3ms
34 silly logfile start cleaning logs, removing 2 files
35 silly logfile done cleaning log files
36 timing idealTree:init Completed in 524ms
37 timing arborist:ctor Completed in 0ms
38 http fetch GET 200 https://registry.npmjs.org/@types%2ftesting-library__jest-dom 3003ms (cache miss)
39 http fetch GET 200 https://registry.npmjs.org/@types%2freact-dom 3021ms (cache miss)
40 http fetch GET 200 https://registry.npmjs.org/@types%2freact 3537ms (cache updated)
41 timing idealTree:userRequests Completed in 3551ms
42 silly idealTree buildDeps
43 silly fetch manifest @types/react@18.0.18
44 silly fetch manifest @types/testing-library__jest-dom@5.14.5
45 silly fetch manifest @types/react-dom@18.0.6
46 silly placeDep ROOT @types/react@18.0.18 REPLACE for:  want: 18.0.18
47 silly placeDep ROOT @types/react-dom@18.0.6 OK for:  want: 18.0.6
48 silly placeDep ROOT @types/testing-library__jest-dom@5.14.5 OK for:  want: 5.14.5
49 silly fetch manifest @types/jest@*
50 http fetch GET 200 https://registry.npmjs.org/@types%2fjest 617ms (cache miss)
51 timing idealTree:#root Completed in 670ms
52 timing idealTree:node_modules/@types/react Completed in 0ms
53 timing idealTree:node_modules/@types/react-dom Completed in 0ms
54 silly placeDep ROOT @types/jest@29.0.0 OK for: @types/testing-library__jest-dom@5.14.5 want: *
55 silly fetch manifest expect@^29.0.0
56 silly fetch manifest pretty-format@^29.0.0
57 http fetch GET 200 https://registry.npmjs.org/expect 711ms (cache miss)
58 http fetch GET 200 https://registry.npmjs.org/pretty-format 714ms (cache miss)
59 timing idealTree:node_modules/@types/testing-library__jest-dom Completed in 721ms
60 silly placeDep ROOT expect@29.0.2 OK for: @types/jest@29.0.0 want: ^29.0.0
61 silly placeDep ROOT pretty-format@29.0.2 OK for: @types/jest@29.0.0 want: ^29.0.0
62 silly fetch manifest @jest/expect-utils@^29.0.2
63 silly fetch manifest jest-get-type@^29.0.0
64 silly fetch manifest jest-matcher-utils@^29.0.2
65 silly fetch manifest jest-message-util@^29.0.2
66 silly fetch manifest jest-util@^29.0.2
67 silly fetch manifest @jest/schemas@^29.0.0
68 silly fetch manifest ansi-styles@^5.0.0
69 silly fetch manifest react-is@^18.0.0
70 http fetch GET 200 https://registry.npmjs.org/jest-get-type 529ms (cache miss)
71 http fetch GET 200 https://registry.npmjs.org/@jest%2fexpect-utils 539ms (cache miss)
72 http fetch GET 200 https://registry.npmjs.org/@jest%2fschemas 687ms (cache miss)
73 http fetch GET 200 https://registry.npmjs.org/jest-matcher-utils 1013ms (cache miss)
74 http fetch GET 200 https://registry.npmjs.org/ansi-styles 1015ms (cache miss)
75 http fetch GET 200 https://registry.npmjs.org/jest-util 1495ms (cache miss)
76 http fetch GET 200 https://registry.npmjs.org/jest-message-util 1606ms (cache miss)
77 http fetch GET 200 https://registry.npmjs.org/react-is 4773ms (cache updated)
78 timing idealTree:node_modules/@types/jest Completed in 4797ms
79 silly placeDep ROOT @jest/expect-utils@29.0.2 OK for: expect@29.0.2 want: ^29.0.2
80 silly placeDep ROOT jest-get-type@29.0.0 OK for: expect@29.0.2 want: ^29.0.0
81 silly placeDep ROOT jest-matcher-utils@29.0.2 OK for: expect@29.0.2 want: ^29.0.2
82 silly placeDep ROOT jest-message-util@29.0.2 OK for: expect@29.0.2 want: ^29.0.2
83 silly placeDep ROOT jest-util@29.0.2 OK for: expect@29.0.2 want: ^29.0.2
84 silly fetch manifest chalk@^4.0.0
85 silly fetch manifest jest-diff@^29.0.2
86 silly fetch manifest @babel/code-frame@^7.12.13
87 silly fetch manifest @jest/types@^29.0.2
88 silly fetch manifest @types/stack-utils@^2.0.0
89 silly fetch manifest graceful-fs@^4.2.9
90 silly fetch manifest micromatch@^4.0.4
91 silly fetch manifest slash@^3.0.0
92 silly fetch manifest stack-utils@^2.0.3
93 silly fetch manifest ci-info@^3.2.0
94 silly fetch manifest picomatch@^2.2.3
95 http fetch GET 200 https://registry.npmjs.org/slash 924ms (cache miss)
96 http fetch GET 200 https://registry.npmjs.org/stack-utils 1215ms (cache miss)
97 http fetch GET 200 https://registry.npmjs.org/chalk 1633ms (cache miss)
98 http fetch GET 200 https://registry.npmjs.org/@types%2fstack-utils 1636ms (cache miss)
99 http fetch GET 200 https://registry.npmjs.org/graceful-fs 1635ms (cache miss)
100 http fetch GET 200 https://registry.npmjs.org/micromatch 1637ms (cache miss)
101 http fetch GET 200 https://registry.npmjs.org/@jest%2ftypes 1644ms (cache miss)
102 http fetch GET 200 https://registry.npmjs.org/ci-info 1640ms (cache miss)
103 http fetch GET 200 https://registry.npmjs.org/picomatch 1651ms (cache miss)
104 http fetch GET 200 https://registry.npmjs.org/@babel%2fcode-frame 2252ms (cache miss)
105 http fetch GET 200 https://registry.npmjs.org/jest-diff 2383ms (cache miss)
106 timing idealTree:node_modules/expect Completed in 2471ms
107 timing idealTree:node_modules/@jest/expect-utils Completed in 0ms
108 timing idealTree:node_modules/jest-get-type Completed in 0ms
109 silly placeDep ROOT chalk@4.1.2 OK for: jest-matcher-utils@29.0.2 want: ^4.0.0
110 silly placeDep ROOT jest-diff@29.0.2 OK for: jest-matcher-utils@29.0.2 want: ^29.0.2
111 silly fetch manifest ansi-styles@^4.1.0
112 silly fetch manifest supports-color@^7.1.0
113 silly fetch manifest diff-sequences@^29.0.0
114 http fetch GET 200 https://registry.npmjs.org/diff-sequences 445ms (cache miss)
115 http fetch GET 200 https://registry.npmjs.org/supports-color 541ms (cache miss)
116 timing idealTree:node_modules/jest-matcher-utils Completed in 552ms
117 silly placeDep ROOT ansi-styles@4.3.0 OK for: chalk@4.1.2 want: ^4.1.0
118 silly placeDep ROOT supports-color@7.2.0 OK for: chalk@4.1.2 want: ^7.1.0
119 silly fetch manifest color-convert@^2.0.1
120 silly fetch manifest has-flag@^4.0.0
121 http fetch GET 200 https://registry.npmjs.org/has-flag 212ms (cache miss)
122 http fetch GET 200 https://registry.npmjs.org/color-convert 245ms (cache miss)
123 timing idealTree:node_modules/chalk Completed in 255ms
124 silly placeDep ROOT color-convert@2.0.1 OK for: ansi-styles@4.3.0 want: ^2.0.1
125 silly fetch manifest color-name@~1.1.4
126 http fetch GET 200 https://registry.npmjs.org/color-name 203ms (cache miss)
127 timing idealTree:node_modules/ansi-styles Completed in 209ms
128 silly placeDep ROOT color-name@1.1.4 OK for: color-convert@2.0.1 want: ~1.1.4
129 timing idealTree:node_modules/color-convert Completed in 3ms
130 timing idealTree:node_modules/color-name Completed in 0ms
131 silly placeDep ROOT diff-sequences@29.0.0 OK for: jest-diff@29.0.2 want: ^29.0.0
132 timing idealTree:node_modules/jest-diff Completed in 3ms
133 timing idealTree:node_modules/diff-sequences Completed in 0ms
134 silly placeDep ROOT @babel/code-frame@7.18.6 OK for: jest-message-util@29.0.2 want: ^7.12.13
135 silly placeDep ROOT @jest/types@29.0.2 OK for: jest-message-util@29.0.2 want: ^29.0.2
136 silly placeDep ROOT @types/stack-utils@2.0.1 OK for: jest-message-util@29.0.2 want: ^2.0.0
137 silly placeDep ROOT graceful-fs@4.2.10 OK for: jest-message-util@29.0.2 want: ^4.2.9
138 silly placeDep ROOT micromatch@4.0.5 OK for: jest-message-util@29.0.2 want: ^4.0.4
139 silly placeDep ROOT slash@3.0.0 OK for: jest-message-util@29.0.2 want: ^3.0.0
140 silly placeDep ROOT stack-utils@2.0.5 OK for: jest-message-util@29.0.2 want: ^2.0.3
141 silly fetch manifest @babel/highlight@^7.18.6
142 silly fetch manifest @types/istanbul-lib-coverage@^2.0.0
143 silly fetch manifest @types/istanbul-reports@^3.0.0
144 silly fetch manifest @types/yargs@^17.0.8
145 silly fetch manifest braces@^3.0.2
146 silly fetch manifest picomatch@^2.3.1
147 silly fetch manifest escape-string-regexp@^2.0.0
148 http fetch GET 200 https://registry.npmjs.org/escape-string-regexp 201ms (cache miss)
149 http fetch GET 200 https://registry.npmjs.org/@types%2fistanbul-reports 358ms (cache miss)
150 http fetch GET 200 https://registry.npmjs.org/braces 360ms (cache miss)
151 http fetch GET 200 https://registry.npmjs.org/@babel%2fhighlight 378ms (cache miss)
152 http fetch GET 200 https://registry.npmjs.org/@types%2fistanbul-lib-coverage 452ms (cache miss)
153 http fetch GET 200 https://registry.npmjs.org/@types%2fyargs 470ms (cache miss)
154 timing idealTree:node_modules/jest-message-util Completed in 500ms
155 silly placeDep ROOT @babel/highlight@7.18.6 OK for: @babel/code-frame@7.18.6 want: ^7.18.6
156 silly fetch manifest @babel/helper-validator-identifier@^7.18.6
157 silly fetch manifest chalk@^2.0.0
158 silly fetch manifest js-tokens@^4.0.0
159 http fetch GET 200 https://registry.npmjs.org/js-tokens 247ms (cache miss)
160 http fetch GET 200 https://registry.npmjs.org/@babel%2fhelper-validator-identifier 336ms (cache miss)
161 timing idealTree:node_modules/@babel/code-frame Completed in 342ms
162 silly placeDep ROOT @babel/helper-validator-identifier@7.18.6 OK for: @babel/highlight@7.18.6 want: ^7.18.6
163 silly placeDep node_modules/@babel/highlight chalk@2.4.2 OK for: @babel/highlight@7.18.6 want: ^2.0.0
164 silly placeDep ROOT js-tokens@4.0.0 OK for: @babel/highlight@7.18.6 want: ^4.0.0
165 silly fetch manifest ansi-styles@^3.2.1
166 silly fetch manifest escape-string-regexp@^1.0.5
167 silly fetch manifest supports-color@^5.3.0
168 timing idealTree:node_modules/@babel/highlight Completed in 167ms
169 timing idealTree:node_modules/@babel/helper-validator-identifier Completed in 1ms
170 silly placeDep ROOT @jest/schemas@29.0.0 OK for: @jest/types@29.0.2 want: ^29.0.0
171 silly placeDep ROOT @types/istanbul-lib-coverage@2.0.4 OK for: @jest/types@29.0.2 want: ^2.0.0
172 silly placeDep ROOT @types/istanbul-reports@3.0.1 OK for: @jest/types@29.0.2 want: ^3.0.0
173 silly placeDep ROOT @types/yargs@17.0.12 OK for: @jest/types@29.0.2 want: ^17.0.8
174 silly fetch manifest @sinclair/typebox@^0.24.1
175 silly fetch manifest @types/istanbul-lib-report@*
176 silly fetch manifest @types/yargs-parser@*
177 http fetch GET 200 https://registry.npmjs.org/@types%2fistanbul-lib-report 210ms (cache miss)
178 http fetch GET 200 https://registry.npmjs.org/@types%2fyargs-parser 221ms (cache miss)
179 http fetch GET 200 https://registry.npmjs.org/@sinclair%2ftypebox 439ms (cache miss)
180 timing idealTree:node_modules/@jest/types Completed in 458ms
181 silly placeDep ROOT @sinclair/typebox@0.24.39 OK for: @jest/schemas@29.0.0 want: ^0.24.1
182 timing idealTree:node_modules/@jest/schemas Completed in 2ms
183 timing idealTree:node_modules/@sinclair/typebox Completed in 0ms
184 timing idealTree:node_modules/@types/istanbul-lib-coverage Completed in 0ms
185 silly placeDep ROOT @types/istanbul-lib-report@3.0.0 OK for: @types/istanbul-reports@3.0.1 want: *
186 timing idealTree:node_modules/@types/istanbul-reports Completed in 3ms
187 timing idealTree:node_modules/@types/istanbul-lib-report Completed in 0ms
188 timing idealTree:node_modules/@types/stack-utils Completed in 0ms
189 silly placeDep ROOT @types/yargs-parser@21.0.0 OK for: @types/yargs@17.0.12 want: *
190 timing idealTree:node_modules/@types/yargs Completed in 2ms
191 timing idealTree:node_modules/@types/yargs-parser Completed in 0ms
192 timing idealTree:node_modules/graceful-fs Completed in 0ms
193 silly placeDep ROOT ci-info@3.3.2 OK for: jest-util@29.0.2 want: ^3.2.0
194 silly placeDep ROOT picomatch@2.3.1 OK for: jest-util@29.0.2 want: ^2.2.3
195 timing idealTree:node_modules/jest-util Completed in 6ms
196 timing idealTree:node_modules/ci-info Completed in 0ms
197 timing idealTree:node_modules/js-tokens Completed in 0ms
198 silly placeDep ROOT braces@3.0.2 OK for: micromatch@4.0.5 want: ^3.0.2
199 silly fetch manifest fill-range@^7.0.1
200 http fetch GET 200 https://registry.npmjs.org/fill-range 229ms (cache miss)
201 timing idealTree:node_modules/micromatch Completed in 234ms
202 silly placeDep ROOT fill-range@7.0.1 OK for: braces@3.0.2 want: ^7.0.1
203 silly fetch manifest to-regex-range@^5.0.1
204 http fetch GET 200 https://registry.npmjs.org/to-regex-range 109ms (cache miss)
205 timing idealTree:node_modules/braces Completed in 112ms
206 silly placeDep ROOT to-regex-range@5.0.1 OK for: fill-range@7.0.1 want: ^5.0.1
207 silly fetch manifest is-number@^7.0.0
208 http fetch GET 200 https://registry.npmjs.org/is-number 105ms (cache miss)
209 timing idealTree:node_modules/fill-range Completed in 109ms
210 timing idealTree:node_modules/picomatch Completed in 0ms
211 silly placeDep node_modules/pretty-format ansi-styles@5.2.0 OK for: pretty-format@29.0.2 want: ^5.0.0
212 silly placeDep ROOT react-is@18.2.0 OK for: pretty-format@29.0.2 want: ^18.0.0
213 timing idealTree:node_modules/pretty-format Completed in 14ms
214 timing idealTree:node_modules/react-is Completed in 0ms
215 timing idealTree:node_modules/slash Completed in 0ms
216 silly placeDep ROOT escape-string-regexp@2.0.0 OK for: stack-utils@2.0.5 want: ^2.0.0
217 timing idealTree:node_modules/stack-utils Completed in 4ms
218 timing idealTree:node_modules/escape-string-regexp Completed in 0ms
219 silly placeDep ROOT has-flag@4.0.0 OK for: supports-color@7.2.0 want: ^4.0.0
220 timing idealTree:node_modules/supports-color Completed in 3ms
221 timing idealTree:node_modules/has-flag Completed in 0ms
222 silly placeDep ROOT is-number@7.0.0 OK for: to-regex-range@5.0.1 want: ^7.0.0
223 timing idealTree:node_modules/to-regex-range Completed in 1ms
224 timing idealTree:node_modules/is-number Completed in 0ms
225 silly placeDep node_modules/@babel/highlight ansi-styles@3.2.1 OK for: chalk@2.4.2 want: ^3.2.1
226 silly placeDep node_modules/@babel/highlight escape-string-regexp@1.0.5 OK for: chalk@2.4.2 want: ^1.0.5
227 silly placeDep node_modules/@babel/highlight supports-color@5.5.0 OK for: chalk@2.4.2 want: ^5.3.0
228 silly fetch manifest color-convert@^1.9.0
229 silly fetch manifest has-flag@^3.0.0
230 timing idealTree:node_modules/@babel/highlight/node_modules/chalk Completed in 9ms
231 silly placeDep node_modules/@babel/highlight color-convert@1.9.3 OK for: ansi-styles@3.2.1 want: ^1.9.0
232 silly fetch manifest color-name@1.1.3
233 timing idealTree:node_modules/@babel/highlight/node_modules/ansi-styles Completed in 5ms
234 silly placeDep node_modules/@babel/highlight color-name@1.1.3 OK for: color-convert@1.9.3 want: 1.1.3
235 timing idealTree:node_modules/@babel/highlight/node_modules/color-convert Completed in 2ms
236 timing idealTree:node_modules/@babel/highlight/node_modules/color-name Completed in 0ms
237 timing idealTree:node_modules/@babel/highlight/node_modules/escape-string-regexp Completed in 0ms
238 silly placeDep node_modules/@babel/highlight has-flag@3.0.0 OK for: supports-color@5.5.0 want: ^3.0.0
239 timing idealTree:node_modules/@babel/highlight/node_modules/supports-color Completed in 1ms
240 timing idealTree:node_modules/@babel/highlight/node_modules/has-flag Completed in 0ms
241 timing idealTree:node_modules/pretty-format/node_modules/ansi-styles Completed in 0ms
242 timing idealTree:buildDeps Completed in 11665ms
243 timing idealTree:fixDepFlags Completed in 1ms
244 timing idealTree Completed in 15745ms
245 timing reify:loadTrees Completed in 15747ms
246 timing reify:diffTrees Completed in 37ms
247 silly reify mark retired [
247 silly reify   'C:\\Users\\my pc\\AppData\\Local\\Microsoft\\TypeScript\\4.7\\node_modules\\@types\\react'
247 silly reify ]
248 silly reify moves {
248 silly reify   'C:\\Users\\my pc\\AppData\\Local\\Microsoft\\TypeScript\\4.7\\node_modules\\@types\\react': 'C:\\Users\\my pc\\AppData\\Local\\Microsoft\\TypeScript\\4.7\\node_modules\\@types\\.react-2z2HUC2b'
248 silly reify }
249 timing reify:retireShallow Completed in 7ms
250 timing reify:createSparse Completed in 347ms
251 timing reify:loadBundles Completed in 0ms
252 silly audit bulk request {
252 silly audit   '@types/bcrypt': [ '5.0.0' ],
252 silly audit   '@types/body-parser': [ '1.19.2' ],
252 silly audit   '@types/busboy': [ '1.5.0' ],
252 silly audit   '@types/concat-stream': [ '2.0.0' ],
252 silly audit   '@types/connect': [ '3.4.35' ],
252 silly audit   '@types/d3-array': [ '3.0.3' ],
252 silly audit   '@types/d3-color': [ '3.1.0' ],
252 silly audit   '@types/d3-format': [ '3.0.1' ],
252 silly audit   '@types/d3-interpolate': [ '3.0.1' ],
252 silly audit   '@types/d3-path': [ '3.0.0' ],
252 silly audit   '@types/d3-scale': [ '4.0.2' ],
252 silly audit   '@types/d3-shape': [ '3.1.0' ],
252 silly audit   '@types/d3-time': [ '3.0.0' ],
252 silly audit   '@types/d3-time-format': [ '4.0.0' ],
252 silly audit   '@types/express': [ '4.17.13' ],
252 silly audit   '@types/express-serve-static-core': [ '4.17.29' ],
252 silly audit   '@types/history': [ '4.7.11' ],
252 silly audit   '@types/json-server': [ '0.14.4' ],
252 silly audit   '@types/lodash': [ '4.14.182' ],
252 silly audit   '@types/lowdb': [ '1.0.11' ],
252 silly audit   '@types/merge-descriptors': [ '1.0.1' ],
252 silly audit   '@types/mime': [ '1.3.2' ],
252 silly audit   '@types/mkdirp': [ '1.0.2' ],
252 silly audit   '@types/multer': [ '1.4.7' ],
252 silly audit   '@types/node': [ '18.0.0' ],
252 silly audit   '@types/nodemon': [ '1.19.1' ],
252 silly audit   '@types/nopt': [ '3.0.29' ],
252 silly audit   '@types/npmlog': [ '4.1.4' ],
252 silly audit   '@types/object-assign': [ '4.0.30' ],
252 silly audit   '@types/prop-types': [ '15.7.5' ],
252 silly audit   '@types/qs': [ '6.9.7' ],
252 silly audit   '@types/range-parser': [ '1.2.4' ],
252 silly audit   '@types/react-router': [ '5.1.18' ],
252 silly audit   '@types/react-router-dom': [ '5.3.3' ],
252 silly audit   '@types/scheduler': [ '0.16.2' ],
252 silly audit   '@types/serve-static': [ '1.13.10' ],
252 silly audit   '@types/type-is': [ '1.6.3' ],
252 silly audit   '@types/xtend': [ '4.0.4' ],
252 silly audit   csstype: [ '3.1.0' ],
252 silly audit   'types-registry': [ '0.1.608' ],
252 silly audit   '@types/react': [ '18.0.18' ],
252 silly audit   '@types/react-dom': [ '18.0.6' ],
252 silly audit   '@types/testing-library__jest-dom': [ '5.14.5' ],
252 silly audit   '@types/jest': [ '29.0.0' ],
252 silly audit   expect: [ '29.0.2' ],
252 silly audit   'pretty-format': [ '29.0.2' ],
252 silly audit   '@jest/expect-utils': [ '29.0.2' ],
252 silly audit   'jest-get-type': [ '29.0.0' ],
252 silly audit   'jest-matcher-utils': [ '29.0.2' ],
252 silly audit   'jest-message-util': [ '29.0.2' ],
252 silly audit   'jest-util': [ '29.0.2' ],
252 silly audit   chalk: [ '4.1.2', '2.4.2' ],
252 silly audit   'jest-diff': [ '29.0.2' ],
252 silly audit   'ansi-styles': [ '4.3.0', '5.2.0', '3.2.1' ],
252 silly audit   'supports-color': [ '7.2.0', '5.5.0' ],
252 silly audit   'color-convert': [ '2.0.1', '1.9.3' ],
252 silly audit   'color-name': [ '1.1.4', '1.1.3' ],
252 silly audit   'diff-sequences': [ '29.0.0' ],
252 silly audit   '@babel/code-frame': [ '7.18.6' ],
252 silly audit   '@jest/types': [ '29.0.2' ],
252 silly audit   '@types/stack-utils': [ '2.0.1' ],
252 silly audit   'graceful-fs': [ '4.2.10' ],
252 silly audit   micromatch: [ '4.0.5' ],
252 silly audit   slash: [ '3.0.0' ],
252 silly audit   'stack-utils': [ '2.0.5' ],
252 silly audit   '@babel/highlight': [ '7.18.6' ],
252 silly audit   '@babel/helper-validator-identifier': [ '7.18.6' ],
252 silly audit   'js-tokens': [ '4.0.0' ],
252 silly audit   '@jest/schemas': [ '29.0.0' ],
252 silly audit   '@types/istanbul-lib-coverage': [ '2.0.4' ],
252 silly audit   '@types/istanbul-reports': [ '3.0.1' ],
252 silly audit   '@types/yargs': [ '17.0.12' ],
252 silly audit   '@sinclair/typebox': [ '0.24.39' ],
252 silly audit   '@types/istanbul-lib-report': [ '3.0.0' ],
252 silly audit   '@types/yargs-parser': [ '21.0.0' ],
252 silly audit   'ci-info': [ '3.3.2' ],
252 silly audit   picomatch: [ '2.3.1' ],
252 silly audit   braces: [ '3.0.2' ],
252 silly audit   'fill-range': [ '7.0.1' ],
252 silly audit   'to-regex-range': [ '5.0.1' ],
252 silly audit   'react-is': [ '18.2.0' ],
252 silly audit   'escape-string-regexp': [ '2.0.0', '1.0.5' ],
252 silly audit   'has-flag': [ '4.0.0', '3.0.0' ],
252 silly audit   'is-number': [ '7.0.0' ]
252 silly audit }
253 silly tarball no local data for is-number@https://registry.npmjs.org/is-number/-/is-number-7.0.0.tgz. Extracting by manifest.
254 silly tarball no local data for escape-string-regexp@https://registry.npmjs.org/escape-string-regexp/-/escape-string-regexp-2.0.0.tgz. Extracting by manifest.
255 silly tarball no local data for has-flag@https://registry.npmjs.org/has-flag/-/has-flag-4.0.0.tgz. Extracting by manifest.
256 silly tarball no local data for to-regex-range@https://registry.npmjs.org/to-regex-range/-/to-regex-range-5.0.1.tgz. Extracting by manifest.
257 silly tarball no local data for fill-range@https://registry.npmjs.org/fill-range/-/fill-range-7.0.1.tgz. Extracting by manifest.
258 silly tarball no local data for braces@https://registry.npmjs.org/braces/-/braces-3.0.2.tgz. Extracting by manifest.
259 silly tarball no local data for ci-info@https://registry.npmjs.org/ci-info/-/ci-info-3.3.2.tgz. Extracting by manifest.
260 silly tarball no local data for @sinclair/typebox@https://registry.npmjs.org/@sinclair/typebox/-/typebox-0.24.39.tgz. Extracting by manifest.
261 silly tarball no local data for picomatch@https://registry.npmjs.org/picomatch/-/picomatch-2.3.1.tgz. Extracting by manifest.
262 silly tarball no local data for @types/yargs-parser@https://registry.npmjs.org/@types/yargs-parser/-/yargs-parser-21.0.0.tgz. Extracting by manifest.
263 silly tarball no local data for @types/istanbul-lib-report@https://registry.npmjs.org/@types/istanbul-lib-report/-/istanbul-lib-report-3.0.0.tgz. Extracting by manifest.
264 silly tarball no local data for @types/yargs@https://registry.npmjs.org/@types/yargs/-/yargs-17.0.12.tgz. Extracting by manifest.
265 silly tarball no local data for @jest/schemas@https://registry.npmjs.org/@jest/schemas/-/schemas-29.0.0.tgz. Extracting by manifest.
266 silly tarball no local data for @types/istanbul-lib-coverage@https://registry.npmjs.org/@types/istanbul-lib-coverage/-/istanbul-lib-coverage-2.0.4.tgz. Extracting by manifest.
267 silly tarball no local data for @types/istanbul-reports@https://registry.npmjs.org/@types/istanbul-reports/-/istanbul-reports-3.0.1.tgz. Extracting by manifest.
268 silly tarball no local data for js-tokens@https://registry.npmjs.org/js-tokens/-/js-tokens-4.0.0.tgz. Extracting by manifest.
269 silly tarball no local data for @babel/helper-validator-identifier@https://registry.npmjs.org/@babel/helper-validator-identifier/-/helper-validator-identifier-7.18.6.tgz. Extracting by manifest.
270 silly tarball no local data for @babel/highlight@https://registry.npmjs.org/@babel/highlight/-/highlight-7.18.6.tgz. Extracting by manifest.
271 silly tarball no local data for stack-utils@https://registry.npmjs.org/stack-utils/-/stack-utils-2.0.5.tgz. Extracting by manifest.
272 silly tarball no local data for slash@https://registry.npmjs.org/slash/-/slash-3.0.0.tgz. Extracting by manifest.
273 silly tarball no local data for graceful-fs@https://registry.npmjs.org/graceful-fs/-/graceful-fs-4.2.10.tgz. Extracting by manifest.
274 silly tarball no local data for micromatch@https://registry.npmjs.org/micromatch/-/micromatch-4.0.5.tgz. Extracting by manifest.
275 silly tarball no local data for @types/stack-utils@https://registry.npmjs.org/@types/stack-utils/-/stack-utils-2.0.1.tgz. Extracting by manifest.
276 silly tarball no local data for @jest/types@https://registry.npmjs.org/@jest/types/-/types-29.0.2.tgz. Extracting by manifest.
277 silly tarball no local data for diff-sequences@https://registry.npmjs.org/diff-sequences/-/diff-sequences-29.0.0.tgz. Extracting by manifest.
278 silly tarball no local data for @babel/code-frame@https://registry.npmjs.org/@babel/code-frame/-/code-frame-7.18.6.tgz. Extracting by manifest.
279 silly tarball no local data for color-name@https://registry.npmjs.org/color-name/-/color-name-1.1.4.tgz. Extracting by manifest.
280 silly tarball no local data for color-convert@https://registry.npmjs.org/color-convert/-/color-convert-2.0.1.tgz. Extracting by manifest.
281 silly tarball no local data for supports-color@https://registry.npmjs.org/supports-color/-/supports-color-7.2.0.tgz. Extracting by manifest.
282 silly tarball no local data for ansi-styles@https://registry.npmjs.org/ansi-styles/-/ansi-styles-4.3.0.tgz. Extracting by manifest.
283 silly tarball no local data for jest-diff@https://registry.npmjs.org/jest-diff/-/jest-diff-29.0.2.tgz. Extracting by manifest.
284 silly tarball no local data for chalk@https://registry.npmjs.org/chalk/-/chalk-4.1.2.tgz. Extracting by manifest.
285 silly tarball no local data for jest-util@https://registry.npmjs.org/jest-util/-/jest-util-29.0.2.tgz. Extracting by manifest.
286 silly tarball no local data for jest-matcher-utils@https://registry.npmjs.org/jest-matcher-utils/-/jest-matcher-utils-29.0.2.tgz. Extracting by manifest.
287 silly tarball no local data for jest-get-type@https://registry.npmjs.org/jest-get-type/-/jest-get-type-29.0.0.tgz. Extracting by manifest.
288 silly tarball no local data for @jest/expect-utils@https://registry.npmjs.org/@jest/expect-utils/-/expect-utils-29.0.2.tgz. Extracting by manifest.
289 silly tarball no local data for expect@https://registry.npmjs.org/expect/-/expect-29.0.2.tgz. Extracting by manifest.
290 silly tarball no local data for pretty-format@https://registry.npmjs.org/pretty-format/-/pretty-format-29.0.2.tgz. Extracting by manifest.
291 silly tarball no local data for @types/testing-library__jest-dom@https://registry.npmjs.org/@types/testing-library__jest-dom/-/testing-library__jest-dom-5.14.5.tgz. Extracting by manifest.
292 silly tarball no local data for @types/react-dom@https://registry.npmjs.org/@types/react-dom/-/react-dom-18.0.6.tgz. Extracting by manifest.
293 silly tarball no local data for @types/react@https://registry.npmjs.org/@types/react/-/react-18.0.18.tgz. Extracting by manifest.
294 silly tarball no local data for has-flag@https://registry.npmjs.org/has-flag/-/has-flag-3.0.0.tgz. Extracting by manifest.
295 silly tarball no local data for color-name@https://registry.npmjs.org/color-name/-/color-name-1.1.3.tgz. Extracting by manifest.
296 silly tarball no local data for color-convert@https://registry.npmjs.org/color-convert/-/color-convert-1.9.3.tgz. Extracting by manifest.
297 silly tarball no local data for supports-color@https://registry.npmjs.org/supports-color/-/supports-color-5.5.0.tgz. Extracting by manifest.
298 silly tarball no local data for ansi-styles@https://registry.npmjs.org/ansi-styles/-/ansi-styles-3.2.1.tgz. Extracting by manifest.
299 silly tarball no local data for escape-string-regexp@https://registry.npmjs.org/escape-string-regexp/-/escape-string-regexp-1.0.5.tgz. Extracting by manifest.
300 silly tarball no local data for chalk@https://registry.npmjs.org/chalk/-/chalk-2.4.2.tgz. Extracting by manifest.
301 silly tarball no local data for ansi-styles@https://registry.npmjs.org/ansi-styles/-/ansi-styles-5.2.0.tgz. Extracting by manifest.
302 silly tarball no local data for @types/jest@https://registry.npmjs.org/@types/jest/-/jest-29.0.0.tgz. Extracting by manifest.
303 silly tarball no local data for jest-message-util@https://registry.npmjs.org/jest-message-util/-/jest-message-util-29.0.2.tgz. Extracting by manifest.
304 http fetch POST 200 https://registry.npmjs.org/-/npm/v1/security/advisories/bulk 787ms
305 timing auditReport:getReport Completed in 799ms
306 silly audit report {}
307 timing auditReport:init Completed in 0ms
308 timing reify:audit Completed in 801ms
309 http fetch GET 200 https://registry.npmjs.org/has-flag/-/has-flag-4.0.0.tgz 1706ms (cache miss)
310 http fetch GET 200 https://registry.npmjs.org/is-number/-/is-number-7.0.0.tgz 1870ms (cache miss)
311 http fetch GET 200 https://registry.npmjs.org/@types/yargs-parser/-/yargs-parser-21.0.0.tgz 1954ms (cache miss)
312 http fetch GET 200 https://registry.npmjs.org/fill-range/-/fill-range-7.0.1.tgz 1977ms (cache miss)
313 timing reifyNode:node_modules/is-number Completed in 2111ms
314 http fetch GET 200 https://registry.npmjs.org/@types/istanbul-reports/-/istanbul-reports-3.0.1.tgz 2032ms (cache miss)
315 timing reifyNode:node_modules/@types/yargs-parser Completed in 2172ms
316 http fetch GET 200 https://registry.npmjs.org/ci-info/-/ci-info-3.3.2.tgz 2111ms (cache miss)
317 http fetch GET 200 https://registry.npmjs.org/escape-string-regexp/-/escape-string-regexp-2.0.0.tgz 2119ms (cache miss)
318 timing reifyNode:node_modules/fill-range Completed in 2195ms
319 timing reifyNode:node_modules/@types/istanbul-reports Completed in 2238ms
320 timing reifyNode:node_modules/escape-string-regexp Completed in 2962ms
321 timing reifyNode:node_modules/has-flag Completed in 3236ms
322 http fetch GET 200 https://registry.npmjs.org/js-tokens/-/js-tokens-4.0.0.tgz 3223ms (cache miss)
323 http fetch GET 200 https://registry.npmjs.org/@babel/highlight/-/highlight-7.18.6.tgz 3351ms (cache miss)
324 http fetch GET 200 https://registry.npmjs.org/to-regex-range/-/to-regex-range-5.0.1.tgz 3853ms (cache miss)
325 timing reifyNode:node_modules/to-regex-range Completed in 3916ms
326 timing reifyNode:node_modules/js-tokens Completed in 4492ms
327 timing reifyNode:node_modules/@babel/highlight Completed in 4649ms
328 http fetch GET 200 https://registry.npmjs.org/stack-utils/-/stack-utils-2.0.5.tgz 5446ms (cache miss)
329 timing reifyNode:node_modules/stack-utils Completed in 5529ms
330 http fetch GET 200 https://registry.npmjs.org/slash/-/slash-3.0.0.tgz 6349ms (cache miss)
331 timing reifyNode:node_modules/slash Completed in 6432ms
332 timing reifyNode:node_modules/ci-info Completed in 7741ms
333 http fetch GET 200 https://registry.npmjs.org/diff-sequences/-/diff-sequences-29.0.0.tgz 7976ms (cache miss)
334 http fetch GET 200 https://registry.npmjs.org/@babel/helper-validator-identifier/-/helper-validator-identifier-7.18.6.tgz 8110ms (cache miss)
335 http fetch GET 200 https://registry.npmjs.org/color-name/-/color-name-1.1.4.tgz 8088ms (cache miss)
336 http fetch GET 200 https://registry.npmjs.org/supports-color/-/supports-color-7.2.0.tgz 8085ms (cache miss)
337 http fetch GET 200 https://registry.npmjs.org/@babel/code-frame/-/code-frame-7.18.6.tgz 8775ms (cache miss)
338 http fetch GET 200 https://registry.npmjs.org/@jest/expect-utils/-/expect-utils-29.0.2.tgz 8856ms (cache miss)
339 timing reifyNode:node_modules/color-name Completed in 9349ms
340 http fetch GET 200 https://registry.npmjs.org/chalk/-/chalk-4.1.2.tgz 9677ms (cache miss)
341 http fetch GET 200 https://registry.npmjs.org/escape-string-regexp/-/escape-string-regexp-1.0.5.tgz 9929ms (cache miss)
342 http fetch GET 200 https://registry.npmjs.org/ansi-styles/-/ansi-styles-5.2.0.tgz 10478ms (cache miss)
343 timing reifyNode:node_modules/@babel/highlight/node_modules/escape-string-regexp Completed in 11568ms
344 http fetch GET 200 https://registry.npmjs.org/micromatch/-/micromatch-4.0.5.tgz 11477ms (cache miss)
345 http fetch GET 200 https://registry.npmjs.org/@jest/types/-/types-29.0.2.tgz 11475ms (cache miss)
346 timing reifyNode:node_modules/@babel/code-frame Completed in 11571ms
347 http fetch GET 200 https://registry.npmjs.org/@types/stack-utils/-/stack-utils-2.0.1.tgz 11478ms (cache miss)
348 timing reifyNode:node_modules/@types/stack-utils Completed in 11572ms
349 timing reifyNode:node_modules/@babel/helper-validator-identifier Completed in 11625ms
350 timing reifyNode:node_modules/micromatch Completed in 12403ms
351 http fetch GET 200 https://registry.npmjs.org/ansi-styles/-/ansi-styles-4.3.0.tgz 12300ms (cache miss)
352 http fetch GET 200 https://registry.npmjs.org/@types/istanbul-lib-coverage/-/istanbul-lib-coverage-2.0.4.tgz 12866ms (cache miss)
353 timing reifyNode:node_modules/@types/istanbul-lib-coverage Completed in 12943ms
354 http fetch GET 200 https://registry.npmjs.org/@jest/schemas/-/schemas-29.0.0.tgz 12868ms (cache miss)
355 http fetch GET 200 https://registry.npmjs.org/supports-color/-/supports-color-5.5.0.tgz 13295ms (cache miss)
356 http fetch GET 200 https://registry.npmjs.org/jest-get-type/-/jest-get-type-29.0.0.tgz 13527ms (cache miss)
357 timing reifyNode:node_modules/jest-get-type Completed in 13640ms
358 http fetch GET 200 https://registry.npmjs.org/has-flag/-/has-flag-3.0.0.tgz 14369ms (cache miss)
359 timing reifyNode:node_modules/@babel/highlight/node_modules/has-flag Completed in 14504ms
360 http fetch GET 200 https://registry.npmjs.org/@types/istanbul-lib-report/-/istanbul-lib-report-3.0.0.tgz 14789ms (cache miss)
361 timing reifyNode:node_modules/@types/istanbul-lib-report Completed in 14861ms
362 timing reifyNode:node_modules/supports-color Completed in 14884ms
363 http fetch GET 200 https://registry.npmjs.org/jest-matcher-utils/-/jest-matcher-utils-29.0.2.tgz 15585ms (cache miss)
364 timing reifyNode:node_modules/react-is Completed in 15745ms
365 timing reifyNode:node_modules/@jest/schemas Completed in 15745ms
366 timing reifyNode:node_modules/ansi-styles Completed in 16062ms
367 timing reifyNode:node_modules/@babel/highlight/node_modules/supports-color Completed in 16282ms
368 http fetch GET 200 https://registry.npmjs.org/ansi-styles/-/ansi-styles-3.2.1.tgz 16399ms (cache miss)
369 timing reifyNode:node_modules/@babel/highlight/node_modules/ansi-styles Completed in 16538ms
370 http fetch GET 200 https://registry.npmjs.org/graceful-fs/-/graceful-fs-4.2.10.tgz 16453ms (cache miss)
371 timing reifyNode:node_modules/pretty-format/node_modules/ansi-styles Completed in 16542ms
372 http fetch GET 200 https://registry.npmjs.org/jest-message-util/-/jest-message-util-29.0.2.tgz 16312ms (cache miss)
373 timing reifyNode:node_modules/diff-sequences Completed in 17487ms
374 timing reifyNode:node_modules/jest-message-util Completed in 19226ms
375 http fetch GET 200 https://registry.npmjs.org/color-convert/-/color-convert-2.0.1.tgz 19418ms (cache miss)
376 http fetch GET 200 https://registry.npmjs.org/color-name/-/color-name-1.1.3.tgz 19388ms (cache miss)
377 http fetch GET 200 https://registry.npmjs.org/color-convert/-/color-convert-1.9.3.tgz 19428ms (cache miss)
378 http fetch GET 200 https://registry.npmjs.org/chalk/-/chalk-2.4.2.tgz 19490ms (cache miss)
379 timing reifyNode:node_modules/jest-matcher-utils Completed in 20502ms
380 http fetch GET 200 https://registry.npmjs.org/picomatch/-/picomatch-2.3.1.tgz 20452ms (cache miss)
381 timing reifyNode:node_modules/@babel/highlight/node_modules/color-name Completed in 20549ms
382 timing reifyNode:node_modules/color-convert Completed in 20548ms
383 timing reifyNode:node_modules/@babel/highlight/node_modules/color-convert Completed in 20684ms
384 timing reifyNode:node_modules/picomatch Completed in 21238ms
385 timing reifyNode:node_modules/chalk Completed in 21234ms
386 timing reifyNode:node_modules/@babel/highlight/node_modules/chalk Completed in 21321ms
387 timing reifyNode:node_modules/@jest/expect-utils Completed in 22206ms
388 http fetch GET 200 https://registry.npmjs.org/@types/testing-library__jest-dom/-/testing-library__jest-dom-5.14.5.tgz 22080ms (cache miss)
389 timing reifyNode:node_modules/@types/testing-library__jest-dom Completed in 22206ms
390 http fetch GET 200 https://registry.npmjs.org/@types/jest/-/jest-29.0.0.tgz 21689ms (cache miss)
391 timing reifyNode:node_modules/@types/jest Completed in 22421ms
392 timing reifyNode:node_modules/graceful-fs Completed in 22674ms
393 http fetch GET 200 https://registry.npmjs.org/@types/react-dom/-/react-dom-18.0.6.tgz 22614ms (cache miss)
394 http fetch GET 200 https://registry.npmjs.org/braces/-/braces-3.0.2.tgz 22687ms (cache miss)
395 timing reifyNode:node_modules/braces Completed in 22752ms
396 timing reifyNode:node_modules/@types/react-dom Completed in 22750ms
397 timing reifyNode:node_modules/@jest/types Completed in 22887ms
398 http fetch GET 200 https://registry.npmjs.org/@types/react/-/react-18.0.18.tgz 22821ms (cache miss)
399 timing reifyNode:node_modules/@types/react Completed in 23081ms
400 http fetch GET 200 https://registry.npmjs.org/jest-diff/-/jest-diff-29.0.2.tgz 25450ms (cache miss)
401 http fetch GET 200 https://registry.npmjs.org/@types/yargs/-/yargs-17.0.12.tgz 25834ms (cache miss)
402 timing reifyNode:node_modules/@types/yargs Completed in 25908ms
403 http fetch GET 200 https://registry.npmjs.org/expect/-/expect-29.0.2.tgz 25820ms (cache miss)
404 timing reifyNode:node_modules/jest-diff Completed in 26038ms
405 timing reifyNode:node_modules/expect Completed in 26043ms
406 http fetch GET 200 https://registry.npmjs.org/pretty-format/-/pretty-format-29.0.2.tgz 26624ms (cache miss)
407 timing reifyNode:node_modules/pretty-format Completed in 27139ms
408 http fetch GET 200 https://registry.npmjs.org/jest-util/-/jest-util-29.0.2.tgz 28393ms (cache miss)
409 timing reifyNode:node_modules/jest-util Completed in 28521ms
410 http fetch GET 200 https://registry.npmjs.org/@sinclair/typebox/-/typebox-0.24.39.tgz 28841ms (cache miss)
411 timing reifyNode:node_modules/@sinclair/typebox Completed in 29003ms
412 timing reify:unpack Completed in 29008ms
413 timing reify:unretire Completed in 39ms
414 timing build:queue Completed in 76ms
415 timing build:deps Completed in 77ms
416 timing build Completed in 78ms
417 timing reify:build Completed in 79ms
418 timing reify:trash Completed in 835ms
419 timing reify:save Completed in 792ms
420 timing reify Completed in 47062ms
421 silly ADD node_modules/is-number
422 silly ADD node_modules/has-flag
423 silly ADD node_modules/escape-string-regexp
424 silly ADD node_modules/react-is
425 silly ADD node_modules/to-regex-range
426 silly ADD node_modules/fill-range
427 silly ADD node_modules/braces
428 silly ADD node_modules/picomatch
429 silly ADD node_modules/ci-info
430 silly ADD node_modules/@types/yargs-parser
431 silly ADD node_modules/@types/istanbul-lib-report
432 silly ADD node_modules/@sinclair/typebox
433 silly ADD node_modules/@types/yargs
434 silly ADD node_modules/@types/istanbul-reports
435 silly ADD node_modules/@types/istanbul-lib-coverage
436 silly ADD node_modules/@jest/schemas
437 silly ADD node_modules/js-tokens
438 silly ADD node_modules/@babel/helper-validator-identifier
439 silly ADD node_modules/@babel/highlight
440 silly ADD node_modules/@babel/highlight/node_modules/has-flag
441 silly ADD node_modules/@babel/highlight/node_modules/color-name
442 silly ADD node_modules/@babel/highlight/node_modules/color-convert
443 silly ADD node_modules/@babel/highlight/node_modules/supports-color
444 silly ADD node_modules/@babel/highlight/node_modules/escape-string-regexp
445 silly ADD node_modules/@babel/highlight/node_modules/ansi-styles
446 silly ADD node_modules/@babel/highlight/node_modules/chalk
447 silly ADD node_modules/stack-utils
448 silly ADD node_modules/slash
449 silly ADD node_modules/micromatch
450 silly ADD node_modules/graceful-fs
451 silly ADD node_modules/@types/stack-utils
452 silly ADD node_modules/@jest/types
453 silly ADD node_modules/@babel/code-frame
454 silly ADD node_modules/diff-sequences
455 silly ADD node_modules/color-name
456 silly ADD node_modules/color-convert
457 silly ADD node_modules/supports-color
458 silly ADD node_modules/ansi-styles
459 silly ADD node_modules/jest-diff
460 silly ADD node_modules/chalk
461 silly ADD node_modules/jest-util
462 silly ADD node_modules/jest-message-util
463 silly ADD node_modules/jest-matcher-utils
464 silly ADD node_modules/jest-get-type
465 silly ADD node_modules/@jest/expect-utils
466 silly ADD node_modules/pretty-format
467 silly ADD node_modules/pretty-format/node_modules/ansi-styles
468 silly ADD node_modules/expect
469 silly ADD node_modules/@types/jest
470 silly ADD node_modules/@types/testing-library__jest-dom
471 silly ADD node_modules/@types/react-dom
472 silly CHANGE node_modules/@types/react
473 timing command:install Completed in 47177ms
474 verbose exit 0
475 timing npm Completed in 52116ms
476 info ok
