0 verbose cli C:\Program Files\nodejs\node.exe C:\Users\my pc\AppData\Roaming\npm\node_modules\npm\bin\npm-cli.js
1 info using npm@8.12.1
2 info using node@v16.13.1
3 timing npm:load:whichnode Completed in 0ms
4 timing config:load:defaults Completed in 7ms
5 timing config:load:file:C:\Users\my pc\AppData\Roaming\npm\node_modules\npm\npmrc Completed in 22ms
6 timing config:load:builtin Completed in 22ms
7 timing config:load:cli Completed in 2ms
8 timing config:load:env Completed in 1ms
9 timing config:load:file:C:\Users\my pc\Desktop\react-search-form\.npmrc Completed in 0ms
10 timing config:load:project Completed in 2ms
11 timing config:load:file:C:\Users\my pc\.npmrc Completed in 1ms
12 timing config:load:user Completed in 1ms
13 timing config:load:file:C:\Users\my pc\AppData\Roaming\npm\etc\npmrc Completed in 0ms
14 timing config:load:global Completed in 1ms
15 timing config:load:validate Completed in 1ms
16 timing config:load:credentials Completed in 2ms
17 timing config:load:setEnvs Completed in 3ms
18 timing config:load Completed in 43ms
19 timing npm:load:configload Completed in 44ms
20 timing npm:load:mkdirpcache Completed in 3ms
21 timing npm:load:mkdirplogs Completed in 1ms
22 verbose title npm start
23 verbose argv "start"
24 timing npm:load:setTitle Completed in 3ms
25 timing config:load:flatten Completed in 8ms
26 timing npm:load:display Completed in 23ms
27 verbose logfile logs-max:10 dir:C:\Users\my pc\Desktop\react-dashboard\_logs
0 verbose cli C:\Program Files\nodejs\node.exe C:\Users\my pc\AppData\Roaming\npm\node_modules\npm\bin\npm-cli.js
1 info using npm@8.12.1
2 info using node@v16.13.1
3 timing npm:load:whichnode Completed in 1ms
4 timing config:load:defaults Completed in 12ms
5 timing config:load:file:C:\Users\my pc\AppData\Roaming\npm\node_modules\npm\npmrc Completed in 16ms
6 timing config:load:builtin Completed in 16ms
7 timing config:load:cli Completed in 4ms
8 timing config:load:env Completed in 2ms
9 timing config:load:file:C:\Users\my pc\AppData\Local\Microsoft\TypeScript\4.7\.npmrc Completed in 1ms
10 timing config:load:project Completed in 4ms
11 timing config:load:file:C:\Users\my pc\.npmrc Completed in 1ms
12 timing config:load:user Completed in 2ms
13 timing config:load:file:C:\Users\my pc\AppData\Roaming\npm\etc\npmrc Completed in 0ms
14 timing config:load:global Completed in 0ms
15 timing config:load:validate Completed in 1ms
16 timing config:load:credentials Completed in 4ms
17 timing config:load:setEnvs Completed in 3ms
18 timing config:load Completed in 49ms
19 timing npm:load:configload Completed in 50ms
20 timing npm:load:mkdirpcache Completed in 17ms
21 timing npm:load:mkdirplogs Completed in 1ms
22 verbose title npm install types-registry@latest
23 verbose argv "install" "--ignore-scripts" "types-registry@latest"
24 timing npm:load:setTitle Completed in 6ms
25 timing config:load:flatten Completed in 4ms
26 timing npm:load:display Completed in 6ms
27 verbose logfile logs-max:10 dir:C:\Users\my pc\Desktop\react-dashboard\_logs
28 verbose logfile C:\Users\my pc\Desktop\react-dashboard\_logs\2022-09-09T11_16_31_261Z-debug-0.log
29 timing npm:load:logFile Completed in 108ms
30 timing npm:load:timers Completed in 1ms
31 timing npm:load:configScope Completed in 0ms
32 timing npm:load Completed in 186ms
28 verbose logfile C:\Users\my pc\Desktop\react-dashboard\_logs\2022-09-09T11_16_31_261Z-debug-0.log
29 timing npm:load:logFile Completed in 104ms
30 timing npm:load:timers Completed in 0ms
31 timing npm:load:configScope Completed in 0ms
32 timing npm:load Completed in 190ms
33 silly logfile start cleaning logs, removing 2 files
34 timing command:run-script Completed in 7ms
35 timing command:start Completed in 147ms
36 verbose stack Error: ENOENT: no such file or directory, open 'C:\Users\my pc\Desktop\react-search-form\package.json'
37 verbose cwd C:\Users\my pc\Desktop\react-search-form
38 verbose Windows_NT 10.0.18363
39 verbose node v16.13.1
40 verbose npm  v8.12.1
41 error code ENOENT
42 error syscall open
43 error path C:\Users\my pc\Desktop\react-search-form/package.json
44 error errno -4058
45 error enoent ENOENT: no such file or directory, open 'C:\Users\my pc\Desktop\react-search-form\package.json'
46 error enoent This is related to npm not being able to find a file.
46 error enoent
47 verbose exit -4058
48 timing npm Completed in 618ms
49 verbose code -4058
50 error A complete log of this run can be found in:
50 error     C:\Users\my pc\Desktop\react-dashboard\_logs\2022-09-09T11_16_31_261Z-debug-0.log
33 timing arborist:ctor Completed in 2ms
34 silly logfile start cleaning logs, removing 2 files
35 timing idealTree:init Completed in 292ms
36 verbose shrinkwrap failed to load node_modules/.package-lock.json out of date, updated: node_modules/@types
37 silly logfile done cleaning log files
38 timing idealTree Completed in 72499ms
39 timing command:install Completed in 72539ms
40 verbose type system
41 verbose stack FetchError: request to https://registry.npmjs.org/types-registry failed, reason: getaddrinfo ENOTFOUND registry.npmjs.org
41 verbose stack     at ClientRequest.<anonymous> (C:\Users\my pc\AppData\Roaming\npm\node_modules\npm\node_modules\minipass-fetch\lib\index.js:130:14)
41 verbose stack     at ClientRequest.emit (node:events:390:28)
41 verbose stack     at TLSSocket.socketErrorListener (node:_http_client:447:9)
41 verbose stack     at TLSSocket.emit (node:events:402:35)
41 verbose stack     at emitErrorNT (node:internal/streams/destroy:157:8)
41 verbose stack     at emitErrorCloseNT (node:internal/streams/destroy:122:3)
41 verbose stack     at processTicksAndRejections (node:internal/process/task_queues:83:21)
42 verbose cwd C:\Users\my pc\AppData\Local\Microsoft\TypeScript\4.7
43 verbose Windows_NT 10.0.18363
44 verbose node v16.13.1
45 verbose npm  v8.12.1
46 error code ENOTFOUND
47 error syscall getaddrinfo
48 error errno ENOTFOUND
49 error network request to https://registry.npmjs.org/types-registry failed, reason: getaddrinfo ENOTFOUND registry.npmjs.org
50 error network This is a problem related to network connectivity.
50 error network In most cases you are behind a proxy or have bad network settings.
50 error network
50 error network If you are behind a proxy, please make sure that the
50 error network 'proxy' config is set properly.  See: 'npm help config'
51 verbose exit 1
52 timing npm Completed in 78838ms
53 verbose unfinished npm timer reify 1662722197586
54 verbose unfinished npm timer reify:loadTrees 1662722197593
55 verbose unfinished npm timer idealTree:userRequests 1662722197888
56 verbose code 1
57 error A complete log of this run can be found in:
57 error     C:\Users\my pc\Desktop\react-dashboard\_logs\2022-09-09T11_16_31_261Z-debug-0.log
