0 verbose cli C:\Program Files\nodejs\node.exe C:\Users\my pc\AppData\Roaming\npm\node_modules\npm\bin\npm-cli.js
1 info using npm@8.12.1
2 info using node@v16.13.1
3 timing npm:load:whichnode Completed in 0ms
4 timing config:load:defaults Completed in 7ms
5 timing config:load:file:C:\Users\my pc\AppData\Roaming\npm\node_modules\npm\npmrc Completed in 6ms
6 timing config:load:builtin Completed in 8ms
7 timing config:load:cli Completed in 8ms
8 timing config:load:env Completed in 1ms
9 timing config:load:file:C:\Users\my pc\AppData\Local\Microsoft\TypeScript\4.7\.npmrc Completed in 0ms
10 timing config:load:project Completed in 7ms
11 timing config:load:file:C:\Users\my pc\.npmrc Completed in 1ms
12 timing config:load:user Completed in 2ms
13 timing config:load:file:C:\Users\my pc\AppData\Roaming\npm\etc\npmrc Completed in 1ms
14 timing config:load:global Completed in 1ms
15 timing config:load:validate Completed in 0ms
16 timing config:load:credentials Completed in 2ms
17 timing config:load:setEnvs Completed in 2ms
18 timing config:load Completed in 39ms
19 timing npm:load:configload Completed in 39ms
20 timing npm:load:mkdirpcache Completed in 2ms
21 timing npm:load:mkdirplogs Completed in 1ms
22 verbose title npm install types-registry@latest
23 verbose argv "install" "--ignore-scripts" "types-registry@latest"
24 timing npm:load:setTitle Completed in 2ms
25 timing config:load:flatten Completed in 5ms
26 timing npm:load:display Completed in 8ms
27 verbose logfile logs-max:10 dir:C:\Users\my pc\Desktop\react-dashboard\_logs
28 verbose logfile C:\Users\my pc\Desktop\react-dashboard\_logs\2022-09-09T11_21_51_981Z-debug-0.log
29 timing npm:load:logFile Completed in 17ms
30 timing npm:load:timers Completed in 0ms
31 timing npm:load:configScope Completed in 0ms
32 timing npm:load Completed in 71ms
33 timing arborist:ctor Completed in 2ms
34 silly logfile start cleaning logs, removing 1 files
35 silly logfile done cleaning log files
36 timing idealTree:init Completed in 480ms
37 verbose shrinkwrap failed to load node_modules/.package-lock.json out of date, updated: node_modules/@types
38 http fetch GET 200 https://registry.npmjs.org/types-registry 14199ms (cache miss)
39 timing idealTree:userRequests Completed in 14237ms
40 silly idealTree buildDeps
41 silly fetch manifest types-registry@0.1.608
42 silly placeDep ROOT types-registry@0.1.608 REPLACE for:  want: 0.1.608
43 timing idealTree:#root Completed in 22ms
44 timing idealTree:node_modules/types-registry Completed in 0ms
45 timing idealTree:buildDeps Completed in 25ms
46 timing idealTree:fixDepFlags Completed in 2ms
47 timing idealTree Completed in 14748ms
48 timing reify:loadTrees Completed in 14753ms
49 timing reify:diffTrees Completed in 7ms
50 silly reify mark retired [
50 silly reify   'C:\\Users\\my pc\\AppData\\Local\\Microsoft\\TypeScript\\4.7\\node_modules\\types-registry'
50 silly reify ]
51 silly reify moves {
51 silly reify   'C:\\Users\\my pc\\AppData\\Local\\Microsoft\\TypeScript\\4.7\\node_modules\\types-registry': 'C:\\Users\\my pc\\AppData\\Local\\Microsoft\\TypeScript\\4.7\\node_modules\\.types-registry-CfNOR1eO'
51 silly reify }
52 timing reify:retireShallow Completed in 410ms
53 timing reify:createSparse Completed in 2ms
54 timing reify:loadBundles Completed in 0ms
55 silly audit bulk request {
55 silly audit   '@types/bcrypt': [ '5.0.0' ],
55 silly audit   '@types/body-parser': [ '1.19.2' ],
55 silly audit   '@types/busboy': [ '1.5.0' ],
55 silly audit   '@types/concat-stream': [ '2.0.0' ],
55 silly audit   '@types/connect': [ '3.4.35' ],
55 silly audit   '@types/d3-array': [ '3.0.3' ],
55 silly audit   '@types/d3-color': [ '3.1.0' ],
55 silly audit   '@types/d3-format': [ '3.0.1' ],
55 silly audit   '@types/d3-interpolate': [ '3.0.1' ],
55 silly audit   '@types/d3-path': [ '3.0.0' ],
55 silly audit   '@types/d3-scale': [ '4.0.2' ],
55 silly audit   '@types/d3-shape': [ '3.1.0' ],
55 silly audit   '@types/d3-time': [ '3.0.0' ],
55 silly audit   '@types/d3-time-format': [ '4.0.0' ],
55 silly audit   '@types/express': [ '4.17.13' ],
55 silly audit   '@types/express-serve-static-core': [ '4.17.29' ],
55 silly audit   '@types/history': [ '4.7.11' ],
55 silly audit   '@types/json-server': [ '0.14.4' ],
55 silly audit   '@types/lodash': [ '4.14.182' ],
55 silly audit   '@types/lowdb': [ '1.0.11' ],
55 silly audit   '@types/merge-descriptors': [ '1.0.1' ],
55 silly audit   '@types/mime': [ '1.3.2' ],
55 silly audit   '@types/mkdirp': [ '1.0.2' ],
55 silly audit   '@types/multer': [ '1.4.7' ],
55 silly audit   '@types/node': [ '18.0.0' ],
55 silly audit   '@types/nodemon': [ '1.19.1' ],
55 silly audit   '@types/nopt': [ '3.0.29' ],
55 silly audit   '@types/npmlog': [ '4.1.4' ],
55 silly audit   '@types/object-assign': [ '4.0.30' ],
55 silly audit   '@types/prop-types': [ '15.7.5' ],
55 silly audit   '@types/qs': [ '6.9.7' ],
55 silly audit   '@types/range-parser': [ '1.2.4' ],
55 silly audit   '@types/react': [ '18.0.14' ],
55 silly audit   '@types/react-router': [ '5.1.18' ],
55 silly audit   '@types/react-router-dom': [ '5.3.3' ],
55 silly audit   '@types/scheduler': [ '0.16.2' ],
55 silly audit   '@types/serve-static': [ '1.13.10' ],
55 silly audit   '@types/type-is': [ '1.6.3' ],
55 silly audit   '@types/xtend': [ '4.0.4' ],
55 silly audit   csstype: [ '3.1.0' ],
55 silly audit   'types-registry': [ '0.1.608' ]
55 silly audit }
56 silly tarball no local data for types-registry@https://registry.npmjs.org/types-registry/-/types-registry-0.1.608.tgz. Extracting by manifest.
57 http fetch POST 200 https://registry.npmjs.org/-/npm/v1/security/advisories/bulk 390ms
58 timing auditReport:getReport Completed in 398ms
59 silly audit report {}
60 timing auditReport:init Completed in 0ms
61 timing reify:audit Completed in 399ms
62 http fetch GET 200 https://registry.npmjs.org/types-registry/-/types-registry-0.1.608.tgz 983ms (cache miss)
63 timing reifyNode:node_modules/types-registry Completed in 1016ms
64 timing reify:unpack Completed in 1017ms
65 timing reify:unretire Completed in 0ms
66 timing build:queue Completed in 168ms
67 timing build:deps Completed in 169ms
68 timing build Completed in 169ms
69 timing reify:build Completed in 170ms
70 timing reify:trash Completed in 197ms
71 timing reify:save Completed in 1324ms
72 timing reify Completed in 18020ms
73 silly CHANGE node_modules/types-registry
74 timing command:install Completed in 18041ms
75 verbose exit 0
76 timing npm Completed in 48015ms
77 info ok
