0 verbose cli C:\Program Files\nodejs\node.exe C:\Users\my pc\AppData\Roaming\npm\node_modules\npm\bin\npm-cli.js
1 info using npm@8.12.1
2 info using node@v16.13.1
3 timing npm:load:whichnode Completed in 0ms
4 timing config:load:defaults Completed in 3ms
5 timing config:load:file:C:\Users\my pc\AppData\Roaming\npm\node_modules\npm\npmrc Completed in 3ms
6 timing config:load:builtin Completed in 4ms
7 timing config:load:cli Completed in 3ms
8 timing config:load:env Completed in 1ms
9 timing config:load:file:C:\Users\my pc\AppData\Local\Microsoft\TypeScript\4.7\.npmrc Completed in 0ms
10 timing config:load:project Completed in 4ms
11 timing config:load:file:C:\Users\my pc\.npmrc Completed in 1ms
12 timing config:load:user Completed in 1ms
13 timing config:load:file:C:\Users\my pc\AppData\Roaming\npm\etc\npmrc Completed in 0ms
14 timing config:load:global Completed in 0ms
15 timing config:load:validate Completed in 1ms
16 timing config:load:credentials Completed in 1ms
17 timing config:load:setEnvs Completed in 2ms
18 timing config:load Completed in 22ms
19 timing npm:load:configload Completed in 22ms
20 timing npm:load:mkdirpcache Completed in 1ms
21 timing npm:load:mkdirplogs Completed in 0ms
22 verbose title npm install @types/react@ts4.7
23 verbose argv "install" "--ignore-scripts" "@types/react@ts4.7" "--save-dev" "--user-agent" "typesInstaller/4.7.3"
24 timing npm:load:setTitle Completed in 3ms
25 timing config:load:flatten Completed in 8ms
26 timing npm:load:display Completed in 10ms
27 verbose logfile logs-max:10 dir:C:\Users\my pc\Desktop\react-dashboard\_logs
28 verbose logfile C:\Users\my pc\Desktop\react-dashboard\_logs\2022-09-09T11_17_51_960Z-debug-0.log
29 timing npm:load:logFile Completed in 17ms
30 timing npm:load:timers Completed in 0ms
31 timing npm:load:configScope Completed in 0ms
32 timing npm:load Completed in 55ms
33 timing arborist:ctor Completed in 2ms
34 silly logfile start cleaning logs, removing 1 files
35 timing idealTree:init Completed in 74ms
36 verbose shrinkwrap failed to load node_modules/.package-lock.json out of date, updated: node_modules/@types
37 silly logfile done cleaning log files
38 http fetch GET 200 https://registry.npmjs.org/@types%2freact 70718ms (cache stale)
39 timing idealTree:userRequests Completed in 70751ms
40 silly idealTree buildDeps
41 silly fetch manifest @types/react@18.0.15
42 silly placeDep ROOT @types/react@18.0.15 REPLACE for:  want: 18.0.15
43 timing idealTree:#root Completed in 14ms
44 timing idealTree:node_modules/@types/react Completed in 0ms
45 timing idealTree:buildDeps Completed in 16ms
46 timing idealTree:fixDepFlags Completed in 1ms
47 timing idealTree Completed in 70844ms
48 timing reify:loadTrees Completed in 70846ms
49 timing reify:diffTrees Completed in 4ms
50 silly reify mark retired [
50 silly reify   'C:\\Users\\my pc\\AppData\\Local\\Microsoft\\TypeScript\\4.7\\node_modules\\@types\\react'
50 silly reify ]
51 silly reify moves {
51 silly reify   'C:\\Users\\my pc\\AppData\\Local\\Microsoft\\TypeScript\\4.7\\node_modules\\@types\\react': 'C:\\Users\\my pc\\AppData\\Local\\Microsoft\\TypeScript\\4.7\\node_modules\\@types\\.react-2z2HUC2b'
51 silly reify }
52 timing reify:retireShallow Completed in 114ms
53 timing reify:createSparse Completed in 4ms
54 timing reify:loadBundles Completed in 0ms
55 silly audit bulk request {
55 silly audit   '@types/bcrypt': [ '5.0.0' ],
55 silly audit   '@types/body-parser': [ '1.19.2' ],
55 silly audit   '@types/busboy': [ '1.5.0' ],
55 silly audit   '@types/concat-stream': [ '2.0.0' ],
55 silly audit   '@types/connect': [ '3.4.35' ],
55 silly audit   '@types/d3-array': [ '3.0.3' ],
55 silly audit   '@types/d3-color': [ '3.1.0' ],
55 silly audit   '@types/d3-format': [ '3.0.1' ],
55 silly audit   '@types/d3-interpolate': [ '3.0.1' ],
55 silly audit   '@types/d3-path': [ '3.0.0' ],
55 silly audit   '@types/d3-scale': [ '4.0.2' ],
55 silly audit   '@types/d3-shape': [ '3.1.0' ],
55 silly audit   '@types/d3-time': [ '3.0.0' ],
55 silly audit   '@types/d3-time-format': [ '4.0.0' ],
55 silly audit   '@types/express': [ '4.17.13' ],
55 silly audit   '@types/express-serve-static-core': [ '4.17.29' ],
55 silly audit   '@types/history': [ '4.7.11' ],
55 silly audit   '@types/json-server': [ '0.14.4' ],
55 silly audit   '@types/lodash': [ '4.14.182' ],
55 silly audit   '@types/lowdb': [ '1.0.11' ],
55 silly audit   '@types/merge-descriptors': [ '1.0.1' ],
55 silly audit   '@types/mime': [ '1.3.2' ],
55 silly audit   '@types/mkdirp': [ '1.0.2' ],
55 silly audit   '@types/multer': [ '1.4.7' ],
55 silly audit   '@types/node': [ '18.0.0' ],
55 silly audit   '@types/nodemon': [ '1.19.1' ],
55 silly audit   '@types/nopt': [ '3.0.29' ],
55 silly audit   '@types/npmlog': [ '4.1.4' ],
55 silly audit   '@types/object-assign': [ '4.0.30' ],
55 silly audit   '@types/prop-types': [ '15.7.5' ],
55 silly audit   '@types/qs': [ '6.9.7' ],
55 silly audit   '@types/range-parser': [ '1.2.4' ],
55 silly audit   '@types/react-router': [ '5.1.18' ],
55 silly audit   '@types/react-router-dom': [ '5.3.3' ],
55 silly audit   '@types/scheduler': [ '0.16.2' ],
55 silly audit   '@types/serve-static': [ '1.13.10' ],
55 silly audit   '@types/type-is': [ '1.6.3' ],
55 silly audit   '@types/xtend': [ '4.0.4' ],
55 silly audit   csstype: [ '3.1.0' ],
55 silly audit   'types-registry': [ '0.1.600' ],
55 silly audit   '@types/react': [ '18.0.15' ]
55 silly audit }
56 silly audit bulk request failed undefined
57 verbose audit error FetchError: request to https://registry.npmjs.org/-/npm/v1/security/audits/quick failed, reason: getaddrinfo ENOTFOUND registry.npmjs.org
57 verbose audit error     at ClientRequest.<anonymous> (C:\Users\my pc\AppData\Roaming\npm\node_modules\npm\node_modules\minipass-fetch\lib\index.js:130:14)
57 verbose audit error     at ClientRequest.emit (node:events:390:28)
57 verbose audit error     at TLSSocket.socketErrorListener (node:_http_client:447:9)
57 verbose audit error     at TLSSocket.emit (node:events:402:35)
57 verbose audit error     at emitErrorNT (node:internal/streams/destroy:157:8)
57 verbose audit error     at emitErrorCloseNT (node:internal/streams/destroy:122:3)
57 verbose audit error     at processTicksAndRejections (node:internal/process/task_queues:83:21) {
57 verbose audit error   code: 'ENOTFOUND',
57 verbose audit error   errno: 'ENOTFOUND',
57 verbose audit error   syscall: 'getaddrinfo',
57 verbose audit error   hostname: 'registry.npmjs.org',
57 verbose audit error   type: 'system'
57 verbose audit error }
58 silly audit error undefined
59 timing auditReport:getReport Completed in 284ms
60 silly audit report null
61 timing reify:audit Completed in 285ms
62 silly tarball no local data for @types/react@https://registry.npmjs.org/@types/react/-/react-18.0.15.tgz. Extracting by manifest.
63 timing reify:rollback:createSparse Completed in 2ms
64 timing reify:rollback:retireShallow Completed in 3ms
65 timing command:install Completed in 141445ms
66 verbose type system
67 verbose stack FetchError: request to https://registry.npmjs.org/@types/react/-/react-18.0.15.tgz failed, reason: getaddrinfo ENOTFOUND registry.npmjs.org
67 verbose stack     at ClientRequest.<anonymous> (C:\Users\my pc\AppData\Roaming\npm\node_modules\npm\node_modules\minipass-fetch\lib\index.js:130:14)
67 verbose stack     at ClientRequest.emit (node:events:390:28)
67 verbose stack     at TLSSocket.socketErrorListener (node:_http_client:447:9)
67 verbose stack     at TLSSocket.emit (node:events:402:35)
67 verbose stack     at emitErrorNT (node:internal/streams/destroy:157:8)
67 verbose stack     at emitErrorCloseNT (node:internal/streams/destroy:122:3)
67 verbose stack     at processTicksAndRejections (node:internal/process/task_queues:83:21)
68 verbose cwd C:\Users\my pc\AppData\Local\Microsoft\TypeScript\4.7
69 verbose Windows_NT 10.0.18363
70 verbose node v16.13.1
71 verbose npm  v8.12.1
72 error code ENOTFOUND
73 error syscall getaddrinfo
74 error errno ENOTFOUND
75 error network request to https://registry.npmjs.org/@types/react/-/react-18.0.15.tgz failed, reason: getaddrinfo ENOTFOUND registry.npmjs.org
76 error network This is a problem related to network connectivity.
76 error network In most cases you are behind a proxy or have bad network settings.
76 error network
76 error network If you are behind a proxy, please make sure that the
76 error network 'proxy' config is set properly.  See: 'npm help config'
77 verbose exit 1
78 timing npm Completed in 141740ms
79 verbose unfinished npm timer reify 1662722272250
80 verbose unfinished npm timer reify:unpack 1662722343417
81 verbose unfinished npm timer reifyNode:node_modules/@types/react 1662722343417
82 verbose code 1
83 error A complete log of this run can be found in:
83 error     C:\Users\my pc\Desktop\react-dashboard\_logs\2022-09-09T11_17_51_960Z-debug-0.log
